2026-05-01T23:08:25.573Z	Initializing build environment...
2026-05-01T23:08:25.573Z	Initializing build environment...
2026-05-01T23:08:27.725Z	Success: Finished initializing build environment
2026-05-01T23:08:28.411Z	Cloning repository...
2026-05-01T23:08:36.347Z	Detected the following tools from environment: npm@10.9.2, nodejs@22.16.0
2026-05-01T23:08:36.349Z	Restoring from dependencies cache
2026-05-01T23:08:36.350Z	Restoring from build output cache
2026-05-01T23:08:36.556Z	Installing project dependencies: npm clean-install --progress=false
2026-05-01T23:08:40.526Z	npm warn deprecated whatwg-encoding@2.0.0: Use @exodus/bytes instead for a more spec-conformant and faster implementation
2026-05-01T23:08:41.979Z	npm warn deprecated domexception@4.0.0: Use your platform's native DOMException instead
2026-05-01T23:08:42.631Z	npm warn deprecated abab@2.0.6: Use your platform's native atob() and btoa() methods instead
2026-05-01T23:08:50.537Z	
2026-05-01T23:08:50.537Z	added 476 packages, and audited 477 packages in 13s
2026-05-01T23:08:50.537Z	
2026-05-01T23:08:50.537Z	87 packages are looking for funding
2026-05-01T23:08:50.537Z	  run `npm fund` for details
2026-05-01T23:08:50.547Z	
2026-05-01T23:08:50.549Z	5 vulnerabilities (3 low, 2 moderate)
2026-05-01T23:08:50.549Z	
2026-05-01T23:08:50.550Z	To address all issues (including breaking changes), run:
2026-05-01T23:08:50.550Z	  npm audit fix --force
2026-05-01T23:08:50.550Z	
2026-05-01T23:08:50.551Z	Run `npm audit` for details.
2026-05-01T23:08:52.259Z	Executing user build command: npm run build
2026-05-01T23:08:52.973Z	
2026-05-01T23:08:52.973Z	> vite_react_shadcn_ts@0.0.0 build
2026-05-01T23:08:52.974Z	> vite build
2026-05-01T23:08:52.974Z	
2026-05-01T23:08:53.813Z	vite v5.4.21 building for production...
2026-05-01T23:08:53.912Z	transforming...
2026-05-01T23:09:00.251Z	✓ 2091 modules transformed.
2026-05-01T23:09:00.982Z	rendering chunks...
2026-05-01T23:09:00.999Z	computing gzip size...
2026-05-01T23:09:01.030Z	dist/index.html                   6.97 kB │ gzip:   2.28 kB
2026-05-01T23:09:01.036Z	dist/assets/index-CR0mS-ox.css   59.28 kB │ gzip:  10.67 kB
2026-05-01T23:09:01.036Z	dist/assets/index-Cy7FgjUJ.js   523.15 kB │ gzip: 163.38 kB
2026-05-01T23:09:01.036Z	✓ built in 7.19s
2026-05-01T23:09:01.038Z	
2026-05-01T23:09:01.038Z	(!) Some chunks are larger than 500 kB after minification. Consider:
2026-05-01T23:09:01.038Z	- Using dynamic import() to code-split the application
2026-05-01T23:09:01.039Z	- Use build.rollupOptions.output.manualChunks to improve chunking: https://rollupjs.org/configuration-options/#output-manualchunks
2026-05-01T23:09:01.039Z	- Adjust chunk size limit for this warning via build.chunkSizeWarningLimit.
2026-05-01T23:09:01.153Z	Success: Build command completed
2026-05-01T23:09:03.075Z	Executing user deploy command: npx wrangler deploy
2026-05-01T23:09:04.700Z	npm warn exec The following package was not found and will be installed: wrangler@4.87.0
2026-05-01T23:09:22.527Z	
2026-05-01T23:09:22.527Z	 ⛅️ wrangler 4.87.0
2026-05-01T23:09:22.527Z	───────────────────
2026-05-01T23:09:22.810Z	
2026-05-01T23:09:22.811Z	Detected Project Settings:
2026-05-01T23:09:22.812Z	 - Worker Name: stelling-secure
2026-05-01T23:09:22.812Z	 - Framework: Vite
2026-05-01T23:09:22.815Z	 - Build Command: npm run build
2026-05-01T23:09:22.817Z	 - Output Directory: dist
2026-05-01T23:09:22.817Z	
2026-05-01T23:09:22.818Z	? Do you want to modify these settings?
2026-05-01T23:09:22.818Z	🤖 Using fallback value in non-interactive context: no
2026-05-01T23:09:22.832Z	
2026-05-01T23:09:22.833Z	Cloudflare collects anonymous telemetry about your usage of Wrangler. Learn more at https://github.com/cloudflare/workers-sdk/tree/main/packages/wrangler/telemetry.md
2026-05-01T23:09:22.835Z	
2026-05-01T23:09:22.930Z	✘ [ERROR] The version of Vite used in the project ("5.4.21") cannot be automatically configured. Please update the Vite version to at least "6.0.0" and try again.
2026-05-01T23:09:22.930Z	
2026-05-01T23:09:22.930Z	
2026-05-01T23:09:23.224Z	🪵  Logs were written to "/opt/buildhome/.config/.wrangler/logs/wrangler-2026-05-01_23-09-22_058.log"
2026-05-01T23:09:23.318Z	Failed: error occurred while running deploy command